Determining if the pthread_create exist failed with the following output:
Change Dir: /opt/ctpn/CTPN/caffe/build/CMakeFiles/CMakeTmp

Run Build Command:/usr/bin/make "cmTryCompileExec360369163/fast"
/usr/bin/make -f CMakeFiles/cmTryCompileExec360369163.dir/build.make CMakeFiles/cmTryCompileExec360369163.dir/build
make[1]: Entering directory `/opt/ctpn/CTPN/caffe/build/CMakeFiles/CMakeTmp'
/usr/bin/cmake -E cmake_progress_report /opt/ctpn/CTPN/caffe/build/CMakeFiles/CMakeTmp/CMakeFiles 1
Building C object CMakeFiles/cmTryCompileExec360369163.dir/CheckSymbolExists.c.o
/usr/bin/cc    -o CMakeFiles/cmTryCompileExec360369163.dir/CheckSymbolExists.c.o   -c /opt/ctpn/CTPN/caffe/build/CMakeFiles/CMakeTmp/CheckSymbolExists.c
Linking C executable cmTryCompileExec360369163
/usr/bin/cmake -E cmake_link_script CMakeFiles/cmTryCompileExec360369163.dir/link.txt --verbose=1
/usr/bin/cc       CMakeFiles/cmTryCompileExec360369163.dir/CheckSymbolExists.c.o  -o cmTryCompileExec360369163 -rdynamic 
CMakeFiles/cmTryCompileExec360369163.dir/CheckSymbolExists.c.o: In function `main':
CheckSymbolExists.c:(.text+0x16): undefined reference to `pthread_create'
collect2: error: ld returned 1 exit status
make[1]: *** [cmTryCompileExec360369163] Error 1
make[1]: Leaving directory `/opt/ctpn/CTPN/caffe/build/CMakeFiles/CMakeTmp'
make: *** [cmTryCompileExec360369163/fast] Error 2

File /opt/ctpn/CTPN/caffe/build/CMakeFiles/CMakeTmp/CheckSymbolExists.c:
/* */
#include <pthread.h>

int main(int argc, char** argv)
{
  (void)argv;
#ifndef pthread_create
  return ((int*)(&pthread_create))[argc];
#else
  (void)argc;
  return 0;
#endif
}

Determining if the function pthread_create exists in the pthreads failed with the following output:
Change Dir: /opt/ctpn/CTPN/caffe/build/CMakeFiles/CMakeTmp

Run Build Command:/usr/bin/make "cmTryCompileExec2832785341/fast"
/usr/bin/make -f CMakeFiles/cmTryCompileExec2832785341.dir/build.make CMakeFiles/cmTryCompileExec2832785341.dir/build
make[1]: Entering directory `/opt/ctpn/CTPN/caffe/build/CMakeFiles/CMakeTmp'
/usr/bin/cmake -E cmake_progress_report /opt/ctpn/CTPN/caffe/build/CMakeFiles/CMakeTmp/CMakeFiles 1
Building C object CMakeFiles/cmTryCompileExec2832785341.dir/CheckFunctionExists.c.o
/usr/bin/cc   -DCHECK_FUNCTION_EXISTS=pthread_create   -o CMakeFiles/cmTryCompileExec2832785341.dir/CheckFunctionExists.c.o   -c /usr/share/cmake-2.8/Modules/CheckFunctionExists.c
Linking C executable cmTryCompileExec2832785341
/usr/bin/cmake -E cmake_link_script CMakeFiles/cmTryCompileExec2832785341.dir/link.txt --verbose=1
/usr/bin/cc   -DCHECK_FUNCTION_EXISTS=pthread_create    CMakeFiles/cmTryCompileExec2832785341.dir/CheckFunctionExists.c.o  -o cmTryCompileExec2832785341 -rdynamic -lpthreads 
/usr/bin/ld: cannot find -lpthreads
collect2: error: ld returned 1 exit status
make[1]: *** [cmTryCompileExec2832785341] Error 1
make[1]: Leaving directory `/opt/ctpn/CTPN/caffe/build/CMakeFiles/CMakeTmp'
make: *** [cmTryCompileExec2832785341/fast] Error 2


